<?xml version="1.0" encoding="UTF-8"?>
<!-- Generated by org.testng.reporters.JUnitReportReporter -->
<testsuite skipped="0" hostname="Sales" name="com.automation.index.PackageIndex" tests="2" failures="0" timestamp="24 Jan 2019 15:45:48 GMT" time="211.813" errors="0">
  <testcase name="TC_Menu_Page_03" time="109.259" classname="com.automation.index.PackageIndex"/>
  <testcase name="TC_LogIn_02" time="102.554" classname="com.automation.index.PackageIndex"/>
</testsuite> <!-- com.automation.index.PackageIndex -->
