<?xml version="1.0" encoding="UTF-8"?>
<!-- Generated by org.testng.reporters.JUnitReportReporter -->
<testsuite skipped="0" hostname="Sales" name="com.automation.index.PackageIndex" tests="4" failures="0" timestamp="04 Feb 2019 12:56:53 GMT" time="719.631" errors="0">
  <testcase name="TC_Menu_Page_03" time="180.316" classname="com.automation.index.PackageIndex"/>
  <testcase name="TC_LogIn_02" time="111.826" classname="com.automation.index.PackageIndex"/>
  <testcase name="TC_SignUp_01" time="148.422" classname="com.automation.index.PackageIndex"/>
  <testcase name="TC_Wish_Compare_04" time="279.067" classname="com.automation.index.PackageIndex"/>
</testsuite> <!-- com.automation.index.PackageIndex -->
