<?xml version="1.0" encoding="UTF-8"?>
<!-- Generated by org.testng.reporters.JUnitReportReporter -->
<testsuite skipped="0" hostname="Sales" name="com.automation.index.PackageIndex" tests="1" failures="0" timestamp="23 Jan 2019 12:01:00 GMT" time="55.539" errors="0">
  <testcase name="TC_Menu_Page_03" time="55.539" classname="com.automation.index.PackageIndex"/>
</testsuite> <!-- com.automation.index.PackageIndex -->
