<?xml version="1.0" encoding="UTF-8"?>
<!-- Generated by org.testng.reporters.JUnitReportReporter -->
<testsuite skipped="0" hostname="Sales" name="com.automation.index.PackageIndex" tests="1" failures="0" timestamp="21 Jan 2019 17:44:43 GMT" time="44.123" errors="0">
  <testcase name="TC_Menu_Page_03" time="44.123" classname="com.automation.index.PackageIndex"/>
</testsuite> <!-- com.automation.index.PackageIndex -->
