<?xml version="1.0" encoding="UTF-8"?>
<!-- Generated by org.testng.reporters.JUnitReportReporter -->
<testsuite skipped="0" hostname="Sales" name="com.automation.index.PackageIndex" tests="1" failures="0" timestamp="24 Jan 2019 17:45:07 GMT" time="101.507" errors="0">
  <testcase name="TC_LogIn_02" time="101.507" classname="com.automation.index.PackageIndex"/>
</testsuite> <!-- com.automation.index.PackageIndex -->
