<?xml version="1.0" encoding="UTF-8"?>
<!-- Generated by org.testng.reporters.JUnitReportReporter -->
<testsuite skipped="0" hostname="Sales" name="com.automation.index.PackageIndex" tests="4" failures="0" timestamp="04 Feb 2019 13:51:37 GMT" time="703.402" errors="0">
  <testcase name="TC_SignUp_01" time="139.430" classname="com.automation.index.PackageIndex"/>
  <testcase name="TC_Wish_Compare_04" time="278.564" classname="com.automation.index.PackageIndex"/>
  <testcase name="TC_Menu_Page_03" time="175.031" classname="com.automation.index.PackageIndex"/>
  <testcase name="TC_LogIn_02" time="110.377" classname="com.automation.index.PackageIndex"/>
</testsuite> <!-- com.automation.index.PackageIndex -->
