<?xml version="1.0" encoding="UTF-8"?>
<!-- Generated by org.testng.reporters.JUnitReportReporter -->
<testsuite skipped="0" hostname="Sales" name="com.automation.index.PackageIndex" tests="1" failures="0" timestamp="04 Feb 2019 12:24:24 GMT" time="250.933" errors="0">
  <testcase name="TC_Wish_Compare_04" time="250.933" classname="com.automation.index.PackageIndex"/>
</testsuite> <!-- com.automation.index.PackageIndex -->
