<?xml version="1.0" encoding="UTF-8"?>
<!-- Generated by org.testng.reporters.JUnitReportReporter -->
<testsuite skipped="0" hostname="Sales" name="com.automation.index.PackageIndex" tests="3" failures="0" timestamp="24 Jan 2019 18:06:06 GMT" time="344.177" errors="0">
  <testcase name="TC_LogIn_02" time="100.999" classname="com.automation.index.PackageIndex"/>
  <testcase name="TC_SignUp_01" time="136.279" classname="com.automation.index.PackageIndex"/>
  <testcase name="TC_Menu_Page_03" time="106.899" classname="com.automation.index.PackageIndex"/>
</testsuite> <!-- com.automation.index.PackageIndex -->
