<?xml version="1.0" encoding="UTF-8"?>
<!-- Generated by org.testng.reporters.JUnitReportReporter -->
<testsuite skipped="0" hostname="Sales" name="com.automation.index.PackageIndex" tests="1" failures="0" timestamp="05 Feb 2019 12:57:30 GMT" time="118.362" errors="0">
  <testcase name="TC_LogIn_02" time="118.362" classname="com.automation.index.PackageIndex"/>
</testsuite> <!-- com.automation.index.PackageIndex -->
